<?xml version="1.0" encoding="UTF-8"?>
<testsuite xmlns:xsi="http://www.w3.org/2001/XMLSchema-instance" xsi:noNamespaceSchemaLocation="https://maven.apache.org/surefire/maven-surefire-plugin/xsd/surefire-test-report.xsd" version="3.0.2" name="com.example.Lowercase.LowercaseApplicationTests" time="3.964" tests="1" errors="0" skipped="0" failures="0">
  <properties>
[...]
</properties>
  <testcase name="contextLoads" classname="com.example.Lowercase.LowercaseApplicationTests" time="1.063">
    <system-out><![CDATA[10:39:29.117 [main] INFO org.springframework.test.context.support.AnnotationConfigContextLoaderUtils -- Could not detect default configuration classes for test class [com.example.Lowercase.LowercaseApplicationTests]: LowercaseApplicationTests does not declare any static, non-private, non-final, nested classes annotated with @Configuration.
10:39:29.289 [main] INFO org.springframework.boot.test.context.SpringBootTestContextBootstrapper -- Found @SpringBootConfiguration com.example.Lowercase.LowercaseApplication for test class com.example.Lowercase.LowercaseApplicationTests

  .   ____          _            __ _ _
 /\\ / ___'_ __ _ _(_)_ __  __ _ \ \ \ \
( ( )\___ | '_ | '_| | '_ \/ _` | \ \ \ \
 \\/  ___)| |_)| | | | | || (_| |  ) ) ) )
  '  |____| .__|_| |_|_| |_\__, | / / / /
 =========|_|==============|___/=/_/_/_/

 :: Spring Boot ::                (v3.4.5)

2025-04-25T10:39:30.044+05:30  INFO 17336 --- [Lowercase] [           main] c.e.Lowercase.LowercaseApplicationTests  : Starting LowercaseApplicationTests using Java 17.0.13 with PID 17336 (started by suraj in C:\Users\suraj\Downloads\Lowercase\Lowercase)
2025-04-25T10:39:30.050+05:30  INFO 17336 --- [Lowercase] [           main] c.e.Lowercase.LowercaseApplicationTests  : No active profile set, falling back to 1 default profile: "default"
2025-04-25T10:39:31.768+05:30  INFO 17336 --- [Lowercase] [           main] c.e.Lowercase.LowercaseApplicationTests  : Started LowercaseApplicationTests in 2.208 seconds (process running for 3.618)
]]></system-out>
  </testcase>
</testsuite>